[2024-11-14T11:10:56.705+0000] {manager.py:483} INFO - Processing files using up to 2 processes at a time 
[2024-11-14T11:10:56.706+0000] {manager.py:484} INFO - Process each file at most once every 30 seconds
[2024-11-14T11:10:56.707+0000] {manager.py:485} INFO - Checking for new files in /opt/airflow/dags every 300 seconds
[2024-11-14T11:10:56.710+0000] {manager.py:821} INFO - Searching for files in /opt/airflow/dags
[2024-11-14T11:10:56.715+0000] {manager.py:824} INFO - There are 1 files in /opt/airflow/dags
[2024-11-14T11:10:56.798+0000] {manager.py:997} INFO - 
================================================================================
DAG File Processing Stats

File Path                          PID  Runtime      # DAGs    # Errors  Last Runtime    Last Run      Last # of DB Queries
-------------------------------  -----  ---------  --------  ----------  --------------  ----------  ----------------------
/opt/airflow/dags/reddit_dag.py     37  0.03s             0           0                                                   0
================================================================================
[2024-11-14T11:11:27.088+0000] {manager.py:997} INFO - 
================================================================================
DAG File Processing Stats

File Path                          PID  Runtime      # DAGs    # Errors  Last Runtime    Last Run               Last # of DB Queries
-------------------------------  -----  ---------  --------  ----------  --------------  -------------------  ----------------------
/opt/airflow/dags/reddit_dag.py     38  0.01s             0           1  0.08s           2024-11-14T11:10:56                       3
================================================================================
[2024-11-14T11:11:57.312+0000] {manager.py:997} INFO - 
================================================================================
DAG File Processing Stats

File Path                          PID  Runtime      # DAGs    # Errors  Last Runtime    Last Run               Last # of DB Queries
-------------------------------  -----  ---------  --------  ----------  --------------  -------------------  ----------------------
/opt/airflow/dags/reddit_dag.py     39  0.01s             0           1  0.09s           2024-11-14T11:11:27                       5
================================================================================
[2024-11-14T11:12:27.602+0000] {manager.py:997} INFO - 
================================================================================
DAG File Processing Stats

File Path                        PID    Runtime      # DAGs    # Errors  Last Runtime    Last Run               Last # of DB Queries
-------------------------------  -----  ---------  --------  ----------  --------------  -------------------  ----------------------
/opt/airflow/dags/reddit_dag.py                           0           1  0.11s           2024-11-14T11:12:05                       5
================================================================================
[2024-11-14T11:12:34.909+0000] {manager.py:465} INFO - Exiting gracefully upon receiving signal 15
[2024-11-14T11:12:58.034+0000] {manager.py:483} INFO - Processing files using up to 2 processes at a time 
[2024-11-14T11:12:58.035+0000] {manager.py:484} INFO - Process each file at most once every 30 seconds
[2024-11-14T11:12:58.036+0000] {manager.py:485} INFO - Checking for new files in /opt/airflow/dags every 300 seconds
[2024-11-14T11:12:58.038+0000] {manager.py:821} INFO - Searching for files in /opt/airflow/dags
[2024-11-14T11:12:58.043+0000] {manager.py:824} INFO - There are 1 files in /opt/airflow/dags
[2024-11-14T11:12:58.107+0000] {manager.py:997} INFO - 
================================================================================
DAG File Processing Stats

File Path                          PID  Runtime      # DAGs    # Errors  Last Runtime    Last Run      Last # of DB Queries
-------------------------------  -----  ---------  --------  ----------  --------------  ----------  ----------------------
/opt/airflow/dags/reddit_dag.py     37  0.02s             0           0                                                   0
================================================================================
[2024-11-14T11:13:28.332+0000] {manager.py:997} INFO - 
================================================================================
DAG File Processing Stats

File Path                          PID  Runtime      # DAGs    # Errors  Last Runtime    Last Run               Last # of DB Queries
-------------------------------  -----  ---------  --------  ----------  --------------  -------------------  ----------------------
/opt/airflow/dags/reddit_dag.py     38  0.00s             0           1  0.06s           2024-11-14T11:12:58                       5
================================================================================
[2024-11-14T11:13:58.570+0000] {manager.py:997} INFO - 
================================================================================
DAG File Processing Stats

File Path                          PID  Runtime      # DAGs    # Errors  Last Runtime    Last Run               Last # of DB Queries
-------------------------------  -----  ---------  --------  ----------  --------------  -------------------  ----------------------
/opt/airflow/dags/reddit_dag.py     39  0.00s             0           1  0.06s           2024-11-14T11:13:28                       5
================================================================================
[2024-11-14T11:14:28.812+0000] {manager.py:997} INFO - 
================================================================================
DAG File Processing Stats

File Path                          PID  Runtime      # DAGs    # Errors  Last Runtime    Last Run               Last # of DB Queries
-------------------------------  -----  ---------  --------  ----------  --------------  -------------------  ----------------------
/opt/airflow/dags/reddit_dag.py     40  0.01s             0           1  0.08s           2024-11-14T11:13:58                       5
================================================================================
[2024-11-14T11:14:59.059+0000] {manager.py:997} INFO - 
================================================================================
DAG File Processing Stats

File Path                          PID  Runtime      # DAGs    # Errors  Last Runtime    Last Run               Last # of DB Queries
-------------------------------  -----  ---------  --------  ----------  --------------  -------------------  ----------------------
/opt/airflow/dags/reddit_dag.py     41  0.00s             0           1  0.07s           2024-11-14T11:14:28                       5
================================================================================
[2024-11-14T11:15:13.714+0000] {manager.py:465} INFO - Exiting gracefully upon receiving signal 15
[2024-11-14T11:15:35.111+0000] {manager.py:483} INFO - Processing files using up to 2 processes at a time 
[2024-11-14T11:15:35.112+0000] {manager.py:484} INFO - Process each file at most once every 30 seconds
[2024-11-14T11:15:35.115+0000] {manager.py:485} INFO - Checking for new files in /opt/airflow/dags every 300 seconds
[2024-11-14T11:15:35.117+0000] {manager.py:821} INFO - Searching for files in /opt/airflow/dags
[2024-11-14T11:15:35.125+0000] {manager.py:824} INFO - There are 1 files in /opt/airflow/dags
[2024-11-14T11:15:35.196+0000] {manager.py:997} INFO - 
================================================================================
DAG File Processing Stats

File Path                          PID  Runtime      # DAGs    # Errors  Last Runtime    Last Run      Last # of DB Queries
-------------------------------  -----  ---------  --------  ----------  --------------  ----------  ----------------------
/opt/airflow/dags/reddit_dag.py     37  0.03s             0           0                                                   0
================================================================================
[2024-11-14T11:16:05.400+0000] {manager.py:997} INFO - 
================================================================================
DAG File Processing Stats

File Path                          PID  Runtime      # DAGs    # Errors  Last Runtime    Last Run               Last # of DB Queries
-------------------------------  -----  ---------  --------  ----------  --------------  -------------------  ----------------------
/opt/airflow/dags/reddit_dag.py     38  0.00s             0           1  0.08s           2024-11-14T11:15:35                       5
================================================================================
[2024-11-14T11:16:35.649+0000] {manager.py:997} INFO - 
================================================================================
DAG File Processing Stats

File Path                          PID  Runtime      # DAGs    # Errors  Last Runtime    Last Run               Last # of DB Queries
-------------------------------  -----  ---------  --------  ----------  --------------  -------------------  ----------------------
/opt/airflow/dags/reddit_dag.py     39  0.00s             0           1  0.06s           2024-11-14T11:16:05                       5
================================================================================
[2024-11-14T11:17:05.875+0000] {manager.py:997} INFO - 
================================================================================
DAG File Processing Stats

File Path                          PID  Runtime      # DAGs    # Errors  Last Runtime    Last Run               Last # of DB Queries
-------------------------------  -----  ---------  --------  ----------  --------------  -------------------  ----------------------
/opt/airflow/dags/reddit_dag.py     40  0.00s             0           1  0.05s           2024-11-14T11:16:35                       5
================================================================================
[2024-11-14T11:17:36.122+0000] {manager.py:997} INFO - 
================================================================================
DAG File Processing Stats

File Path                          PID  Runtime      # DAGs    # Errors  Last Runtime    Last Run               Last # of DB Queries
-------------------------------  -----  ---------  --------  ----------  --------------  -------------------  ----------------------
/opt/airflow/dags/reddit_dag.py     41  0.01s             0           1  0.06s           2024-11-14T11:17:05                       5
================================================================================
[2024-11-14T11:18:06.355+0000] {manager.py:997} INFO - 
================================================================================
DAG File Processing Stats

File Path                          PID  Runtime      # DAGs    # Errors  Last Runtime    Last Run               Last # of DB Queries
-------------------------------  -----  ---------  --------  ----------  --------------  -------------------  ----------------------
/opt/airflow/dags/reddit_dag.py     42  0.00s             0           1  0.06s           2024-11-14T11:17:36                       5
================================================================================
[2024-11-14T11:18:36.611+0000] {manager.py:997} INFO - 
================================================================================
DAG File Processing Stats

File Path                          PID  Runtime      # DAGs    # Errors  Last Runtime    Last Run               Last # of DB Queries
-------------------------------  -----  ---------  --------  ----------  --------------  -------------------  ----------------------
/opt/airflow/dags/reddit_dag.py     43  0.00s             0           1  0.06s           2024-11-14T11:18:06                       5
================================================================================
[2024-11-14T11:18:44.592+0000] {manager.py:465} INFO - Exiting gracefully upon receiving signal 15
[2024-11-14T11:19:06.550+0000] {manager.py:483} INFO - Processing files using up to 2 processes at a time 
[2024-11-14T11:19:06.551+0000] {manager.py:484} INFO - Process each file at most once every 30 seconds
[2024-11-14T11:19:06.552+0000] {manager.py:485} INFO - Checking for new files in /opt/airflow/dags every 300 seconds
[2024-11-14T11:19:06.553+0000] {manager.py:821} INFO - Searching for files in /opt/airflow/dags
[2024-11-14T11:19:06.557+0000] {manager.py:824} INFO - There are 1 files in /opt/airflow/dags
[2024-11-14T11:19:06.623+0000] {manager.py:997} INFO - 
================================================================================
DAG File Processing Stats

File Path                          PID  Runtime      # DAGs    # Errors  Last Runtime    Last Run      Last # of DB Queries
-------------------------------  -----  ---------  --------  ----------  --------------  ----------  ----------------------
/opt/airflow/dags/reddit_dag.py     37  0.02s             0           0                                                   0
================================================================================
[2024-11-14T11:19:36.844+0000] {manager.py:997} INFO - 
================================================================================
DAG File Processing Stats

File Path                          PID  Runtime      # DAGs    # Errors  Last Runtime    Last Run               Last # of DB Queries
-------------------------------  -----  ---------  --------  ----------  --------------  -------------------  ----------------------
/opt/airflow/dags/reddit_dag.py     38  0.00s             0           1  0.07s           2024-11-14T11:19:06                       5
================================================================================
[2024-11-14T11:20:07.088+0000] {manager.py:997} INFO - 
================================================================================
DAG File Processing Stats

File Path                          PID  Runtime      # DAGs    # Errors  Last Runtime    Last Run               Last # of DB Queries
-------------------------------  -----  ---------  --------  ----------  --------------  -------------------  ----------------------
/opt/airflow/dags/reddit_dag.py     39  0.00s             0           1  0.06s           2024-11-14T11:19:36                       5
================================================================================
[2024-11-14T11:20:37.314+0000] {manager.py:997} INFO - 
================================================================================
DAG File Processing Stats

File Path                          PID  Runtime      # DAGs    # Errors  Last Runtime    Last Run               Last # of DB Queries
-------------------------------  -----  ---------  --------  ----------  --------------  -------------------  ----------------------
/opt/airflow/dags/reddit_dag.py     40  0.00s             0           1  0.07s           2024-11-14T11:20:07                       5
================================================================================
[2024-11-14T11:21:07.574+0000] {manager.py:997} INFO - 
================================================================================
DAG File Processing Stats

File Path                          PID  Runtime      # DAGs    # Errors  Last Runtime    Last Run               Last # of DB Queries
-------------------------------  -----  ---------  --------  ----------  --------------  -------------------  ----------------------
/opt/airflow/dags/reddit_dag.py     41  0.01s             0           1  0.06s           2024-11-14T11:20:37                       5
================================================================================
[2024-11-14T11:21:37.823+0000] {manager.py:997} INFO - 
================================================================================
DAG File Processing Stats

File Path                          PID  Runtime      # DAGs    # Errors  Last Runtime    Last Run               Last # of DB Queries
-------------------------------  -----  ---------  --------  ----------  --------------  -------------------  ----------------------
/opt/airflow/dags/reddit_dag.py     42  0.00s             0           1  0.07s           2024-11-14T11:21:07                       5
================================================================================
[2024-11-14T11:22:08.074+0000] {manager.py:997} INFO - 
================================================================================
DAG File Processing Stats

File Path                          PID  Runtime      # DAGs    # Errors  Last Runtime    Last Run               Last # of DB Queries
-------------------------------  -----  ---------  --------  ----------  --------------  -------------------  ----------------------
/opt/airflow/dags/reddit_dag.py     43  0.00s             0           1  0.06s           2024-11-14T11:21:37                       5
================================================================================
[2024-11-14T11:22:38.316+0000] {manager.py:997} INFO - 
================================================================================
DAG File Processing Stats

File Path                          PID  Runtime      # DAGs    # Errors  Last Runtime    Last Run               Last # of DB Queries
-------------------------------  -----  ---------  --------  ----------  --------------  -------------------  ----------------------
/opt/airflow/dags/reddit_dag.py     44  0.01s             0           1  0.06s           2024-11-14T11:22:08                       5
================================================================================
[2024-11-14T11:23:08.558+0000] {manager.py:997} INFO - 
================================================================================
DAG File Processing Stats

File Path                          PID  Runtime      # DAGs    # Errors  Last Runtime    Last Run               Last # of DB Queries
-------------------------------  -----  ---------  --------  ----------  --------------  -------------------  ----------------------
/opt/airflow/dags/reddit_dag.py     45  0.00s             0           1  0.06s           2024-11-14T11:22:38                       5
================================================================================
[2024-11-14T11:23:28.842+0000] {manager.py:465} INFO - Exiting gracefully upon receiving signal 15
[2024-11-14T11:23:53.606+0000] {manager.py:483} INFO - Processing files using up to 2 processes at a time 
[2024-11-14T11:23:53.607+0000] {manager.py:484} INFO - Process each file at most once every 30 seconds
[2024-11-14T11:23:53.608+0000] {manager.py:485} INFO - Checking for new files in /opt/airflow/dags every 300 seconds
[2024-11-14T11:23:53.609+0000] {manager.py:821} INFO - Searching for files in /opt/airflow/dags
[2024-11-14T11:23:53.615+0000] {manager.py:824} INFO - There are 1 files in /opt/airflow/dags
[2024-11-14T11:23:53.701+0000] {manager.py:997} INFO - 
================================================================================
DAG File Processing Stats

File Path                          PID  Runtime      # DAGs    # Errors  Last Runtime    Last Run      Last # of DB Queries
-------------------------------  -----  ---------  --------  ----------  --------------  ----------  ----------------------
/opt/airflow/dags/reddit_dag.py     37  0.03s             0           0                                                   0
================================================================================
[2024-11-14T11:24:23.899+0000] {manager.py:997} INFO - 
================================================================================
DAG File Processing Stats

File Path                        PID    Runtime      # DAGs    # Errors  Last Runtime    Last Run               Last # of DB Queries
-------------------------------  -----  ---------  --------  ----------  --------------  -------------------  ----------------------
/opt/airflow/dags/reddit_dag.py                           1           0  0.55s           2024-11-14T11:23:54                      45
================================================================================
[2024-11-14T11:24:54.656+0000] {manager.py:997} INFO - 
================================================================================
DAG File Processing Stats

File Path                          PID  Runtime      # DAGs    # Errors  Last Runtime    Last Run               Last # of DB Queries
-------------------------------  -----  ---------  --------  ----------  --------------  -------------------  ----------------------
/opt/airflow/dags/reddit_dag.py     39  0.01s             1           0  0.18s           2024-11-14T11:24:24                      12
================================================================================
[2024-11-14T11:25:11.077+0000] {manager.py:465} INFO - Exiting gracefully upon receiving signal 15
[2024-11-14T11:25:35.249+0000] {manager.py:483} INFO - Processing files using up to 2 processes at a time 
[2024-11-14T11:25:35.250+0000] {manager.py:484} INFO - Process each file at most once every 30 seconds
[2024-11-14T11:25:35.252+0000] {manager.py:485} INFO - Checking for new files in /opt/airflow/dags every 300 seconds
[2024-11-14T11:25:35.254+0000] {manager.py:821} INFO - Searching for files in /opt/airflow/dags
[2024-11-14T11:25:35.262+0000] {manager.py:824} INFO - There are 1 files in /opt/airflow/dags
[2024-11-14T11:25:35.379+0000] {manager.py:997} INFO - 
================================================================================
DAG File Processing Stats

File Path                          PID  Runtime      # DAGs    # Errors  Last Runtime    Last Run      Last # of DB Queries
-------------------------------  -----  ---------  --------  ----------  --------------  ----------  ----------------------
/opt/airflow/dags/reddit_dag.py     37  0.06s             0           0                                                   0
================================================================================
[2024-11-14T11:26:05.608+0000] {manager.py:997} INFO - 
================================================================================
DAG File Processing Stats

File Path                          PID  Runtime      # DAGs    # Errors  Last Runtime    Last Run               Last # of DB Queries
-------------------------------  -----  ---------  --------  ----------  --------------  -------------------  ----------------------
/opt/airflow/dags/reddit_dag.py     38  0.00s             1           0  0.26s           2024-11-14T11:25:35                      12
================================================================================
[2024-11-14T11:26:36.011+0000] {manager.py:997} INFO - 
================================================================================
DAG File Processing Stats

File Path                          PID  Runtime      # DAGs    # Errors  Last Runtime    Last Run               Last # of DB Queries
-------------------------------  -----  ---------  --------  ----------  --------------  -------------------  ----------------------
/opt/airflow/dags/reddit_dag.py     39  0.00s             1           0  0.18s           2024-11-14T11:26:05                      12
================================================================================
[2024-11-14T11:27:06.225+0000] {manager.py:997} INFO - 
================================================================================
DAG File Processing Stats

File Path                        PID    Runtime      # DAGs    # Errors  Last Runtime    Last Run               Last # of DB Queries
-------------------------------  -----  ---------  --------  ----------  --------------  -------------------  ----------------------
/opt/airflow/dags/reddit_dag.py                           1           0  0.24s           2024-11-14T11:26:36                      12
================================================================================
[2024-11-14T11:27:36.670+0000] {manager.py:997} INFO - 
================================================================================
DAG File Processing Stats

File Path                          PID  Runtime      # DAGs    # Errors  Last Runtime    Last Run               Last # of DB Queries
-------------------------------  -----  ---------  --------  ----------  --------------  -------------------  ----------------------
/opt/airflow/dags/reddit_dag.py     41  0.01s             1           0  0.17s           2024-11-14T11:27:06                      12
================================================================================
[2024-11-14T11:28:07.013+0000] {manager.py:997} INFO - 
================================================================================
DAG File Processing Stats

File Path                          PID  Runtime      # DAGs    # Errors  Last Runtime    Last Run               Last # of DB Queries
-------------------------------  -----  ---------  --------  ----------  --------------  -------------------  ----------------------
/opt/airflow/dags/reddit_dag.py     42  0.01s             1           0  0.17s           2024-11-14T11:27:36                      12
================================================================================
[2024-11-14T11:28:37.266+0000] {manager.py:997} INFO - 
================================================================================
DAG File Processing Stats

File Path                          PID  Runtime      # DAGs    # Errors  Last Runtime    Last Run               Last # of DB Queries
-------------------------------  -----  ---------  --------  ----------  --------------  -------------------  ----------------------
/opt/airflow/dags/reddit_dag.py     43  0.01s             1           0  0.17s           2024-11-14T11:28:07                      12
================================================================================
[2024-11-14T11:29:07.583+0000] {manager.py:997} INFO - 
================================================================================
DAG File Processing Stats

File Path                          PID  Runtime      # DAGs    # Errors  Last Runtime    Last Run               Last # of DB Queries
-------------------------------  -----  ---------  --------  ----------  --------------  -------------------  ----------------------
/opt/airflow/dags/reddit_dag.py     44  0.00s             1           0  0.19s           2024-11-14T11:28:37                      12
================================================================================
[2024-11-14T11:29:37.888+0000] {manager.py:997} INFO - 
================================================================================
DAG File Processing Stats

File Path                          PID  Runtime      # DAGs    # Errors  Last Runtime    Last Run               Last # of DB Queries
-------------------------------  -----  ---------  --------  ----------  --------------  -------------------  ----------------------
/opt/airflow/dags/reddit_dag.py     45  0.00s             1           0  0.19s           2024-11-14T11:29:07                      12
================================================================================
[2024-11-14T11:30:05.009+0000] {manager.py:465} INFO - Exiting gracefully upon receiving signal 15
[2024-11-14T11:30:27.567+0000] {manager.py:483} INFO - Processing files using up to 2 processes at a time 
[2024-11-14T11:30:27.568+0000] {manager.py:484} INFO - Process each file at most once every 30 seconds
[2024-11-14T11:30:27.570+0000] {manager.py:485} INFO - Checking for new files in /opt/airflow/dags every 300 seconds
[2024-11-14T11:30:27.572+0000] {manager.py:821} INFO - Searching for files in /opt/airflow/dags
[2024-11-14T11:30:27.593+0000] {manager.py:824} INFO - There are 1 files in /opt/airflow/dags
[2024-11-14T11:30:27.680+0000] {manager.py:997} INFO - 
================================================================================
DAG File Processing Stats

File Path                          PID  Runtime      # DAGs    # Errors  Last Runtime    Last Run      Last # of DB Queries
-------------------------------  -----  ---------  --------  ----------  --------------  ----------  ----------------------
/opt/airflow/dags/reddit_dag.py     37  0.03s             0           0                                                   0
================================================================================
[2024-11-14T11:30:57.899+0000] {manager.py:997} INFO - 
================================================================================
DAG File Processing Stats

File Path                        PID    Runtime      # DAGs    # Errors  Last Runtime    Last Run               Last # of DB Queries
-------------------------------  -----  ---------  --------  ----------  --------------  -------------------  ----------------------
/opt/airflow/dags/reddit_dag.py                           1           0  0.25s           2024-11-14T11:30:27                      12
================================================================================
[2024-11-14T11:31:28.311+0000] {manager.py:997} INFO - 
================================================================================
DAG File Processing Stats

File Path                        PID    Runtime      # DAGs    # Errors  Last Runtime    Last Run               Last # of DB Queries
-------------------------------  -----  ---------  --------  ----------  --------------  -------------------  ----------------------
/opt/airflow/dags/reddit_dag.py                           1           0  0.27s           2024-11-14T11:30:58                      12
================================================================================
[2024-11-14T11:31:58.804+0000] {manager.py:997} INFO - 
================================================================================
DAG File Processing Stats

File Path                          PID  Runtime      # DAGs    # Errors  Last Runtime    Last Run               Last # of DB Queries
-------------------------------  -----  ---------  --------  ----------  --------------  -------------------  ----------------------
/opt/airflow/dags/reddit_dag.py     44  0.00s             1           0  0.18s           2024-11-14T11:31:28                      12
================================================================================
[2024-11-14T11:32:29.177+0000] {manager.py:997} INFO - 
================================================================================
DAG File Processing Stats

File Path                          PID  Runtime      # DAGs    # Errors  Last Runtime    Last Run               Last # of DB Queries
-------------------------------  -----  ---------  --------  ----------  --------------  -------------------  ----------------------
/opt/airflow/dags/reddit_dag.py     45  0.00s             1           0  0.19s           2024-11-14T11:31:58                      12
================================================================================
[2024-11-14T11:32:59.409+0000] {manager.py:997} INFO - 
================================================================================
DAG File Processing Stats

File Path                          PID  Runtime      # DAGs    # Errors  Last Runtime    Last Run               Last # of DB Queries
-------------------------------  -----  ---------  --------  ----------  --------------  -------------------  ----------------------
/opt/airflow/dags/reddit_dag.py     46  0.01s             1           0  0.15s           2024-11-14T11:32:29                      12
================================================================================
[2024-11-14T11:33:29.748+0000] {manager.py:997} INFO - 
================================================================================
DAG File Processing Stats

File Path                          PID  Runtime      # DAGs    # Errors  Last Runtime    Last Run               Last # of DB Queries
-------------------------------  -----  ---------  --------  ----------  --------------  -------------------  ----------------------
/opt/airflow/dags/reddit_dag.py     47  0.00s             1           0  0.15s           2024-11-14T11:32:59                      12
================================================================================
[2024-11-14T11:33:59.976+0000] {manager.py:997} INFO - 
================================================================================
DAG File Processing Stats

File Path                          PID  Runtime      # DAGs    # Errors  Last Runtime    Last Run               Last # of DB Queries
-------------------------------  -----  ---------  --------  ----------  --------------  -------------------  ----------------------
/opt/airflow/dags/reddit_dag.py     48  0.00s             1           0  0.18s           2024-11-14T11:33:29                      12
================================================================================
[2024-11-14T11:34:30.358+0000] {manager.py:997} INFO - 
================================================================================
DAG File Processing Stats

File Path                          PID  Runtime      # DAGs    # Errors  Last Runtime    Last Run               Last # of DB Queries
-------------------------------  -----  ---------  --------  ----------  --------------  -------------------  ----------------------
/opt/airflow/dags/reddit_dag.py     49  0.01s             1           0  0.20s           2024-11-14T11:34:00                      12
================================================================================
[2024-11-14T11:35:00.621+0000] {manager.py:997} INFO - 
================================================================================
DAG File Processing Stats

File Path                          PID  Runtime      # DAGs    # Errors  Last Runtime    Last Run               Last # of DB Queries
-------------------------------  -----  ---------  --------  ----------  --------------  -------------------  ----------------------
/opt/airflow/dags/reddit_dag.py     50  0.01s             1           0  0.15s           2024-11-14T11:34:30                      12
================================================================================
[2024-11-14T11:35:00.678+0000] {manager.py:465} INFO - Exiting gracefully upon receiving signal 15
[2024-11-14T11:35:00.679+0000] {manager.py:465} INFO - Exiting gracefully upon receiving signal 15
[2024-11-14T11:35:01.148+0000] {manager.py:465} INFO - Exiting gracefully upon receiving signal 15
[2024-11-14T11:35:24.537+0000] {manager.py:483} INFO - Processing files using up to 2 processes at a time 
[2024-11-14T11:35:24.538+0000] {manager.py:484} INFO - Process each file at most once every 30 seconds
[2024-11-14T11:35:24.539+0000] {manager.py:485} INFO - Checking for new files in /opt/airflow/dags every 300 seconds
[2024-11-14T11:35:24.539+0000] {manager.py:821} INFO - Searching for files in /opt/airflow/dags
[2024-11-14T11:35:24.543+0000] {manager.py:824} INFO - There are 1 files in /opt/airflow/dags
[2024-11-14T11:35:24.620+0000] {manager.py:997} INFO - 
================================================================================
DAG File Processing Stats

File Path                          PID  Runtime      # DAGs    # Errors  Last Runtime    Last Run      Last # of DB Queries
-------------------------------  -----  ---------  --------  ----------  --------------  ----------  ----------------------
/opt/airflow/dags/reddit_dag.py     37  0.03s             0           0                                                   0
================================================================================
[2024-11-14T11:35:54.834+0000] {manager.py:997} INFO - 
================================================================================
DAG File Processing Stats

File Path                        PID    Runtime      # DAGs    # Errors  Last Runtime    Last Run               Last # of DB Queries
-------------------------------  -----  ---------  --------  ----------  --------------  -------------------  ----------------------
/opt/airflow/dags/reddit_dag.py                           1           0  0.27s           2024-11-14T11:35:24                      12
================================================================================
[2024-11-14T11:36:25.281+0000] {manager.py:997} INFO - 
================================================================================
DAG File Processing Stats

File Path                          PID  Runtime      # DAGs    # Errors  Last Runtime    Last Run               Last # of DB Queries
-------------------------------  -----  ---------  --------  ----------  --------------  -------------------  ----------------------
/opt/airflow/dags/reddit_dag.py     39  0.00s             1           0  0.17s           2024-11-14T11:35:55                      12
================================================================================
[2024-11-14T11:36:55.645+0000] {manager.py:997} INFO - 
================================================================================
DAG File Processing Stats

File Path                          PID  Runtime      # DAGs    # Errors  Last Runtime    Last Run               Last # of DB Queries
-------------------------------  -----  ---------  --------  ----------  --------------  -------------------  ----------------------
/opt/airflow/dags/reddit_dag.py     40  0.01s             1           0  0.19s           2024-11-14T11:36:25                      12
================================================================================
[2024-11-14T11:37:25.887+0000] {manager.py:997} INFO - 
================================================================================
DAG File Processing Stats

File Path                          PID  Runtime      # DAGs    # Errors  Last Runtime    Last Run               Last # of DB Queries
-------------------------------  -----  ---------  --------  ----------  --------------  -------------------  ----------------------
/opt/airflow/dags/reddit_dag.py     41  0.00s             1           0  0.15s           2024-11-14T11:36:55                      12
================================================================================
[2024-11-14T11:37:56.203+0000] {manager.py:997} INFO - 
================================================================================
DAG File Processing Stats

File Path                          PID  Runtime      # DAGs    # Errors  Last Runtime    Last Run               Last # of DB Queries
-------------------------------  -----  ---------  --------  ----------  --------------  -------------------  ----------------------
/opt/airflow/dags/reddit_dag.py     42  0.01s             1           0  0.16s           2024-11-14T11:37:26                      12
================================================================================
[2024-11-14T11:38:26.467+0000] {manager.py:997} INFO - 
================================================================================
DAG File Processing Stats

File Path                          PID  Runtime      # DAGs    # Errors  Last Runtime    Last Run               Last # of DB Queries
-------------------------------  -----  ---------  --------  ----------  --------------  -------------------  ----------------------
/opt/airflow/dags/reddit_dag.py     43  0.01s             1           0  0.15s           2024-11-14T11:37:56                      12
================================================================================
[2024-11-14T11:38:56.776+0000] {manager.py:997} INFO - 
================================================================================
DAG File Processing Stats

File Path                          PID  Runtime      # DAGs    # Errors  Last Runtime    Last Run               Last # of DB Queries
-------------------------------  -----  ---------  --------  ----------  --------------  -------------------  ----------------------
/opt/airflow/dags/reddit_dag.py     44  0.01s             1           0  0.15s           2024-11-14T11:38:26                      12
================================================================================
[2024-11-14T11:39:27.034+0000] {manager.py:997} INFO - 
================================================================================
DAG File Processing Stats

File Path                          PID  Runtime      # DAGs    # Errors  Last Runtime    Last Run               Last # of DB Queries
-------------------------------  -----  ---------  --------  ----------  --------------  -------------------  ----------------------
/opt/airflow/dags/reddit_dag.py     45  0.00s             1           0  0.15s           2024-11-14T11:38:56                      12
================================================================================
[2024-11-14T11:39:57.341+0000] {manager.py:997} INFO - 
================================================================================
DAG File Processing Stats

File Path                          PID  Runtime      # DAGs    # Errors  Last Runtime    Last Run               Last # of DB Queries
-------------------------------  -----  ---------  --------  ----------  --------------  -------------------  ----------------------
/opt/airflow/dags/reddit_dag.py     46  0.01s             1           0  0.15s           2024-11-14T11:39:27                      12
================================================================================
[2024-11-14T11:40:06.770+0000] {manager.py:465} INFO - Exiting gracefully upon receiving signal 15
[2024-11-14T11:40:28.706+0000] {manager.py:483} INFO - Processing files using up to 2 processes at a time 
[2024-11-14T11:40:28.707+0000] {manager.py:484} INFO - Process each file at most once every 30 seconds
[2024-11-14T11:40:28.709+0000] {manager.py:485} INFO - Checking for new files in /opt/airflow/dags every 300 seconds
[2024-11-14T11:40:28.711+0000] {manager.py:821} INFO - Searching for files in /opt/airflow/dags
[2024-11-14T11:40:28.720+0000] {manager.py:824} INFO - There are 1 files in /opt/airflow/dags
[2024-11-14T11:40:28.798+0000] {manager.py:997} INFO - 
================================================================================
DAG File Processing Stats

File Path                          PID  Runtime      # DAGs    # Errors  Last Runtime    Last Run      Last # of DB Queries
-------------------------------  -----  ---------  --------  ----------  --------------  ----------  ----------------------
/opt/airflow/dags/reddit_dag.py     37  0.02s             0           0                                                   0
================================================================================
[2024-11-14T11:40:59.005+0000] {manager.py:997} INFO - 
================================================================================
DAG File Processing Stats

File Path                          PID  Runtime      # DAGs    # Errors  Last Runtime    Last Run               Last # of DB Queries
-------------------------------  -----  ---------  --------  ----------  --------------  -------------------  ----------------------
/opt/airflow/dags/reddit_dag.py     38  0.00s             1           0  0.18s           2024-11-14T11:40:28                      12
================================================================================
[2024-11-14T11:41:29.348+0000] {manager.py:997} INFO - 
================================================================================
DAG File Processing Stats

File Path                          PID  Runtime      # DAGs    # Errors  Last Runtime    Last Run               Last # of DB Queries
-------------------------------  -----  ---------  --------  ----------  --------------  -------------------  ----------------------
/opt/airflow/dags/reddit_dag.py     39  0.01s             1           0  0.18s           2024-11-14T11:40:59                      12
================================================================================
[2024-11-14T11:41:59.585+0000] {manager.py:997} INFO - 
================================================================================
DAG File Processing Stats

File Path                          PID  Runtime      # DAGs    # Errors  Last Runtime    Last Run               Last # of DB Queries
-------------------------------  -----  ---------  --------  ----------  --------------  -------------------  ----------------------
/opt/airflow/dags/reddit_dag.py     40  0.00s             1           0  0.18s           2024-11-14T11:41:29                      12
================================================================================
[2024-11-14T11:42:29.934+0000] {manager.py:997} INFO - 
================================================================================
DAG File Processing Stats

File Path                          PID  Runtime      # DAGs    # Errors  Last Runtime    Last Run               Last # of DB Queries
-------------------------------  -----  ---------  --------  ----------  --------------  -------------------  ----------------------
/opt/airflow/dags/reddit_dag.py     41  0.00s             1           0  0.16s           2024-11-14T11:41:59                      12
================================================================================
[2024-11-14T11:43:00.178+0000] {manager.py:997} INFO - 
================================================================================
DAG File Processing Stats

File Path                          PID  Runtime      # DAGs    # Errors  Last Runtime    Last Run               Last # of DB Queries
-------------------------------  -----  ---------  --------  ----------  --------------  -------------------  ----------------------
/opt/airflow/dags/reddit_dag.py     42  0.00s             1           0  0.14s           2024-11-14T11:42:30                      12
================================================================================
